* using log directory ‘/home/okamoto/Rmetapop/Rmetapop.Rcheck’
* using R version 3.2.5 (2016-04-14)
* using platform: x86_64-pc-linux-gnu (64-bit)
* using session charset: UTF-8
* using option ‘--as-cran’
* checking for file ‘Rmetapop/DESCRIPTION’ ... OK
* checking extension type ... Package
* this is package ‘Rmetapop’ version ‘0.1.1’
* checking package namespace information ... OK
* checking package dependencies ... NOTE
Depends: includes the non-default packages:
  ‘deSolve’ ‘dlm’ ‘ggplot2’ ‘grid’ ‘gtools’ ‘mvtnorm’ ‘plyr’ ‘reshape2’
  ‘slam’ ‘scales’ ‘coda’ ‘rstan’ ‘VGAM’ ‘MASS’
Adding so many packages to the search path is excessive and importing
selectively is preferable.
* checking if this is a source package ... OK
* checking if there is a namespace ... OK
* checking for executable files ... OK
* checking for hidden files and directories ... OK
* checking for portable file names ... OK
* checking for sufficient/correct file permissions ... OK
* checking whether package ‘Rmetapop’ can be installed ... WARNING
Found the following significant warnings:
  Warning: /home/okamoto/Rmetapop/Rmetapop.Rcheck/00_pkg_src/Rmetapop/man/Rmetapop-package.Rd:32: All text must be in a section
  Warning: /home/okamoto/Rmetapop/Rmetapop.Rcheck/00_pkg_src/Rmetapop/man/Rmetapop-package.Rd:33: All text must be in a section
See ‘/home/okamoto/Rmetapop/Rmetapop.Rcheck/00install.out’ for details.
* checking installed package size ... OK
* checking package directory ... OK
* checking DESCRIPTION meta-information ... NOTE
Malformed Description field: should contain one or more complete sentences.
Non-standard license specification:
  What license is it under?
Standardizable: FALSE
* checking top-level files ... OK
* checking for left-over files ... OK
* checking index information ... OK
* checking package subdirectories ... OK
* checking R files for non-ASCII characters ... OK
* checking R files for syntax errors ... OK
* checking whether the package can be loaded ... OK
* checking whether the package can be loaded with stated dependencies ... OK
* checking whether the package can be unloaded cleanly ... OK
* checking whether the namespace can be loaded with stated dependencies ... OK
* checking whether the namespace can be unloaded cleanly ... OK
* checking loading without being on the library search path ... OK
* checking dependencies in R code ... NOTE
Packages in Depends field not imported from:
  ‘MASS’ ‘VGAM’ ‘coda’ ‘deSolve’ ‘dlm’ ‘ggplot2’ ‘grid’ ‘gtools’
  ‘mvtnorm’ ‘plyr’ ‘reshape2’ ‘rstan’ ‘scales’ ‘slam’
  These packages need to be imported from (in the NAMESPACE file)
  for when this namespace is loaded but not attached.
* checking S3 generic/method consistency ... OK
* checking replacement functions ... OK
* checking foreign function calls ... OK
* checking R code for possible problems ... NOTE
fishery_simulate: no visible global function definition for
  ‘dep_length’
fishery_simulate: no visible binding for global variable ‘dep_length’
kalman_assess : TSBuild: no visible global function definition for
  ‘dlmModPoly’
kalman_assess: no visible global function definition for ‘dlmMLE’
kalman_assess: no visible global function definition for ‘dlmFilter’
kalman_assess: multiple local function definitions for ‘TSBuild’ with
  different formal arguments
kalman_assess_ARMA : TSBuild: no visible global function definition for
  ‘dlmModARMA’
kalman_assess_ARMA: no visible global function definition for ‘dlmMLE’
kalman_assess_ARMA: no visible binding for global variable ‘B’
kalman_assess_ARMA : TSBuild: no visible global function definition for
  ‘dlmModPoly’
kalman_assess_ARMA: no visible global function definition for
  ‘dlmFilter’
kalman_assess_ARMA: multiple local function definitions for ‘TSBuild’
  with different formal arguments
nlss_assess: no visible global function definition for ‘stan_model’
nlss_assess: no visible global function definition for ‘optimizing’
nlss_assess: no visible global function definition for ‘stan’
nlss_assess: no visible global function definition for ‘sampling’
nlss_assess: no visible global function definition for ‘extract’
nlss_assess : <anonymous>: no visible global function definition for
  ‘HPDinterval’
nlss_assess : <anonymous>: no visible global function definition for
  ‘as.mcmc’
nlss_compile: no visible global function definition for ‘stan_model’
ran_stray_prob: no visible binding for global variable ‘rdirichlet’
ran_surv_prob : <anonymous>: no visible global function definition for
  ‘rbetabinom’
ran_surv_prob: no visible global function definition for ‘rbetabinom’
set_effort: no visible global function definition for ‘ode.1D’
set_effort: no visible global function definition for ‘rkMethod’
spat_temp_ts: no visible global function definition for ‘mvrnorm’
ssr_linear: no visible binding for global variable ‘n_stocks’
ssr_linear: no visible binding for global variable ‘stage_mat’
ssr_linear_ode: no visible global function definition for
  ‘simple_triplet_matrix’
ssr_linear_ode: no visible global function definition for ‘ode’
* checking Rd files ... WARNING
prepare_Rd: Rmetapop-package.Rd:32: All text must be in a section
prepare_Rd: Rmetapop-package.Rd:33: All text must be in a section
* checking Rd metadata ... OK
* checking Rd line widths ... NOTE
Rd file 'BH.Rd':
  \examples lines wider than 100 characters:
       geom_text(aes(x=Eggs+(E0/1e12)*.02, y= 1/beta/1e6*.25,label = c("20% E0", "E0")),data= df2,hjust= 0,vjust= -1,angle=90)+
       geom_errorbar(aes(x=E0/1e12,ymax=max(Recruits),ymin= min(Recruits)),data= subset(df1,Eggs%in%(c(E0/5,E0)/1e12)),colour= "red")+
       geom_errorbar(aes(x=E0/1e12,ymax=min(Recruits),ymin= 0),data= subset(df1,Eggs%in%(c(E0/5,E0)/1e12)),colour= "blue")+

Rd file 'fishery_simulate.Rd':
  \examples lines wider than 100 characters:
                                    M=M,                          ### natural mortality (a constant, vector or matrix)
                                    surv_rho=x$surv_rho,          ### degree of stochasticity in survival 
                                    C=C,                       ### degree of stochasticity in straying (lower = more stochastic)
                                    obs_sd=obs_sd,                   ### observation error on surveys of total biomass
                                    stock_IDs= rep(1:5,each= 10), ### ids representing to which stock the populations belong
                                    point.estimate=FALSE,         ### assessment point estimate vs full posterior
       pops <- join(pops,data.frame(list(population=unique(pops$population),location=paste("Stock",rep(1:(dim(fit$B_stocks)[1]),each = dim(f ... [TRUNCATED]
       assess3 <- reshape(assess2, timevar = "Variable", idvar = c("iteration","time","location"), direction = "wide")
         geom_rect(xmin = warmup2,xmax= totiter,ymin= 0,ymax= subset(B0.df,location==paste0("Stock_",stock))$B0,
         geom_pointrange(aes(y= pred,ymin= CSLL,ymax= CSUL,x= time+1),data=subset(forecast,location==paste0("Stock_",stock)),col= "grey45",s ... [TRUNCATED]
         geom_point(aes(y= ESS,x= time,size= PosteriorMean,colour=PosteriorMean,size = PosteriorMean))+       
         geom_hline(aes(yintercept= 0.25*B0),colour= "red",data=  subset(B0.df,location==paste0("Stock_",stock)))+
       plot2 <-  ggplot(data= subset(surveys,location==paste0("Stock_",stock)&Source=="Aggregate Stock Biomass"))+
         geom_rect(xmin = warmup2,xmax= totiter,ymin= 0,ymax= subset(B0.df,location==paste0("Stock_",stock))$B0/(dim(fit$B)[1]/dim(fit$B_sto ... [TRUNCATED]
         geom_line(aes(time,Biomass,colour= population),data= subset(pops,location==paste0("Stock_",stock)))+
         scale_y_continuous(breaks= c(0,0.25*subset(B0.df,location==paste0("Stock_",stock))$B0/(dim(fit$B)[1]/dim(fit$B_stocks)[1]),subset(B ... [TRUNCATED]
         geom_hline(aes(yintercept= B0/(dim(fit$B)[1]/dim(fit$B_stocks)[1])),data=  subset(B0.df,location==paste0("Stock_",stock)),linetype= ... [TRUNCATED]
         geom_hline(aes(yintercept= 0.25*B0/(dim(fit$B)[1]/dim(fit$B_stocks)[1])),colour= "red",data=  subset(B0.df,location==paste0("Stock_ ... [TRUNCATED]

Rd file 'ran_stray_prob.Rd':
  \examples lines wider than 100 characters:
     df4$precision <- factor(rep(c(1,2,3),each=nrow(df4)/3), labels= c("Precision = 10^2", "Precision =10^3", "Precision =10^5"))

Rd file 'ran_surv_prob.Rd':
  \examples lines wider than 100 characters:
     df4$precision <- factor(rep(c(1,2,3),each=nrow(df4)/3), labels= c("Precision = 10^2", "Precision =10^3", "Precision =10^5"))

Rd file 'ssr_linear.Rd':
  \examples lines wider than 100 characters:
     mort <- matrix(rnorm(n_loc,M,0.25), ncol = n_loc, nrow = length((stage_mat - 1):(n_stages)),byrow= T)
     round(stray_probs,2)# columns are probability of coming from, and row is probability going to (i.e. column 2 row 1 is going from locati ... [TRUNCATED]
     B_s <- array(NA, dim = c(Nstocks, n_iter+1,2), dimnames = list(d2b, 1:(n_iter+1),c("actual","observed")))
     BF <- array(NA, dim = c(Nstocks, n_iter+1, n_iter,6), dimnames = list(d2b, 1:(n_iter+1), d3,c("Estimated Stock Size","Prediction","ESS_ ... [TRUNCATED]
     df_ts$Age_Class <- with(df_ts, ifelse(Age == 2, "Recruits", ifelse(Age == 0, "Eggs",ifelse(Age>9,"9+", Age))))

Rd file 'ssr_linear_ode.Rd':
  \examples lines wider than 100 characters:
     B <- array(NA, dim = c(n_loc, n_iter+1, 4), dimnames = list(d2, 1:(n_iter+1), c("Actual", "Observed","Estimate","Forecast")))
     df_ts$Age_Class <- with(df_ts, ifelse(Age == 2, "Recruits", ifelse(Age == 0, "Eggs",ifelse(Age>9,"9+", Age))))

These lines will be truncated in the PDF manual.
* checking Rd cross-references ... WARNING
Unknown package ‘<pkg>’ in Rd xrefs
* checking for missing documentation entries ... WARNING
Undocumented code objects:
  ‘N’ ‘fish_time’ ‘kalman_assess_ARMA’ ‘max_time’ ‘n_times’
  ‘nlss_compile’ ‘set_effort’
All user-level objects in a package should have documentation entries.
See chapter ‘Writing R documentation files’ in the ‘Writing R
Extensions’ manual.
* checking for code/documentation mismatches ... OK
* checking Rd \usage sections ... WARNING
Undocumented arguments in documentation object 'BH'
  ‘group_E’

Undocumented arguments in documentation object 'LVB'
  ‘age’ ‘L_inf’ ‘k’ ‘t0’

Undocumented arguments in documentation object 'LVBweight'
  ‘age’

Undocumented arguments in documentation object 'fecundity'
  ‘L’ ‘F1’ ‘F2’

Undocumented arguments in documentation object 'fecundity_age'
  ‘age’

Undocumented arguments in documentation object 'fishery_simulate'
  ‘stock_IDs’ ‘a_bh’ ‘b_bh’ ‘warmup2’ ‘spat_alloc’ ‘surv_rho’ ‘cor_mat’
  ‘collective_dd’ ‘h_crit’ ‘Fmort’ ‘assessment’ ‘fit.compile’
  ‘repetitions’ ‘const_harvest’ ‘ret_ts’
Documented arguments not in \usage in documentation object 'fishery_simulate':
  ‘alpha’ ‘beta’

Undocumented arguments in documentation object 'kalman_assess'
  ‘TS’ ‘obs_sd’ ‘sys_sd’ ‘fit’ ‘full.ts’ ‘log’

Undocumented arguments in documentation object 'linear_odes'
  ‘t’ ‘state’ ‘A’

Undocumented arguments in documentation object 'nlss_assess'
  ‘b_obs’ ‘b_true’ ‘age_freq’ ‘obs_sd’ ‘alpha_BH’ ‘sd_R’ ‘beta_BH’
  ‘fec_at_age’ ‘weight_at_age’ ‘mort’ ‘stage_mat’ ‘n_stages’ ‘harvest’
  ‘selectivity’ ‘n_stocks’ ‘phi’ ‘plot’ ‘n_warmup’ ‘MCMC.iter’
  ‘forecast_limit’ ‘optimize’ ‘compile’ ‘compiled_model’ ‘init_states’
  ‘sd_pro’

Undocumented arguments in documentation object 'ran_surv_prob'
  ‘N’
Documented arguments not in \usage in documentation object 'ran_surv_prob':
  ‘stray_mat’

Undocumented arguments in documentation object 'spat_cor_mat'
  ‘spat_scale’
Duplicated \argument entries in documentation object 'spat_cor_mat':
  ‘spat_sd’

Undocumented arguments in documentation object 'spat_temp_ts'
  ‘log’

Undocumented arguments in documentation object 'ssr_linear'
  ‘tons_at_age’ ‘harvest’ ‘stage_selectivity’ ‘X0’ ‘N_s’ ‘s_ID’
  ‘stocklet_list’ ‘const_harvest’ ‘Fmort’
Documented arguments not in \usage in documentation object 'ssr_linear':
  ‘X’

Undocumented arguments in documentation object 'weight'
  ‘length’ ‘a’ ‘b’

Functions with \usage entries need to have the appropriate \alias
entries, and all their arguments documented.
The \usage entries must correspond to syntactically valid R code.
See chapter ‘Writing R documentation files’ in the ‘Writing R
Extensions’ manual.
* checking Rd contents ... OK
* checking for unstated dependencies in examples ... WARNING
Warning: parse error in file 'Rmetapop-Ex.R':
63:11: unexpected symbol
62: 
63: ~~ simple examples
              ^
* checking examples ... ERROR
Running examples in ‘Rmetapop-Ex.R’ failed
The error most likely occurred in:

> base::assign(".ptime", proc.time(), pos = "CheckExEnv")
> ### Name: BH
> ### Title: Beverton-Holt stock recruit relationship.
> ### Aliases: BH
> 
> ### ** Examples
> 
> h = 0.82                              # steepness of BC the central coast herring fishery
> B0 = 60000                            # tons in central coast in 2013/14
> S0 = B0 * 1000/mean(LVBweight(3:10))  # convert B0 to mean number of fish
> E0 = S0 * fecundity_age(9)            # eggs at 6 years old (scaled in millions)
> R0 = 5e+08                            # in millions
> alpha <- (E0 * (1 - h))/(4 * h * R0)
> beta <- (5 * h - 1)/(4 * h * R0)
> 
> sim_eggs <- sort(c(seq(from = 1, to = E0*1.02, length.out = 1000),E0/5,E0))   # project 
> R <- BH(sim_eggs, alpha=alpha,beta= beta)
> df1 <- data.frame(list(Recruits=R/1e6,Eggs=sim_eggs/1e12))
> df2 <- subset(df1,Eggs%in%(c(E0/5,E0)/1e12))
> 
> ggplot(aes(Eggs,Recruits),data= df1)+
+   geom_line()+
+   theme_bw()+
+   ylab("Recruits (Millions)")+
+   xlab("Eggs (Trillions)")+
+   geom_vline(aes(xintercept = Eggs),data= df2,linetype= "dotted")+
+   geom_hline(aes(yintercept = Recruits),data= df2,linetype= "dotted")+
+   geom_text(aes(x=Eggs+(E0/1e12)*.02, y= 1/beta/1e6*.25,label = c("20% E0", "E0")),data= df2,hjust= 0,vjust= -1,angle=90)+
+   geom_line(yintercept= 1/beta/1e6)+
+   geom_errorbar(aes(x=E0/1e12,ymax=max(Recruits),ymin= min(Recruits)),data= subset(df1,Eggs%in%(c(E0/5,E0)/1e12)),colour= "red")+
+   geom_errorbar(aes(x=E0/1e12,ymax=min(Recruits),ymin= 0),data= subset(df1,Eggs%in%(c(E0/5,E0)/1e12)),colour= "blue")+
+   geom_text(x= E0/1e12*.7,y= 1/beta/1e6*.2,label= "h (steepness)= blue/(red+blue)",data= df1[1,])+
+   scale_x_continuous(limits=c(0,E0/1e12*1.02),expand= c(0,0))+
+   scale_y_continuous(limits=c(0,1/beta/1e6*1.02),expand= c(0,0))
Error: Unknown parameters: yintercept
Execution halted
* checking PDF version of manual ... WARNING
LaTeX errors when creating PDF version.
This typically indicates Rd problems.
LaTeX errors found:
! Font T1/cmr/m/n/10=ecrm1000 at 10.0pt not loadable: Metric (TFM) file not fou
nd.
<to be read again> 
                   relax 
l.100 \fontencoding\encodingdefault\selectfont
! LaTeX Error: File `inconsolata.sty' not found.

Type X to quit or <RETURN> to proceed,
or enter new name. (Default extension: sty)

! Emergency stop.
<read *> 
         
l.276 ^^M
         
!  ==> Fatal error occurred, no output PDF file produced!
* checking PDF version of manual without hyperrefs or index ... ERROR
* DONE
Status: 2 ERRORs, 7 WARNINGs, 5 NOTEs
