Hmm ... looks like a package
This is pdfTeX, Version 3.1415926-2.5-1.40.14 (TeX Live 2013/Debian)
 restricted \write18 enabled.
entering extended mode
(./Rd2.tex
LaTeX2e <2011/06/27>
Babel <3.9h> and hyphenation patterns for 2 languages loaded.

(/usr/share/texlive/texmf-dist/tex/latex/base/book.cls
Document Class: book 2007/10/19 v1.4h Standard LaTeX document class
(/usr/share/texlive/texmf-dist/tex/latex/base/bk10.clo))
(/usr/share/R/share/texmf/tex/latex/Rd.sty
(/usr/share/texlive/texmf-dist/tex/latex/base/ifthen.sty)
(/usr/share/texlive/texmf-dist/tex/latex/tools/longtable.sty)
(/usr/share/texlive/texmf-dist/tex/latex/tools/bm.sty)
(/usr/share/texlive/texmf-dist/tex/latex/base/alltt.sty)
(/usr/share/texlive/texmf-dist/tex/latex/tools/verbatim.sty)
(/usr/share/texlive/texmf-dist/tex/latex/url/url.sty)
(/usr/share/texlive/texmf-dist/tex/latex/base/textcomp.sty
(/usr/share/texlive/texmf-dist/tex/latex/base/ts1enc.def))
(/usr/share/texlive/texmf-dist/tex/latex/base/fontenc.sty
(/usr/share/texlive/texmf-dist/tex/latex/base/t1enc.def)
kpathsea: Running mktextfm ecrm1000
mktextfm: Running mf-nowin -progname=mf \mode:=ljfour; mag:=1; nonstopmode; input ecrm1000
This is METAFONT, Version 2.718281 (TeX Live 2013/Debian)

kpathsea: Running mktexmf ecrm1000

! I can't find file `ecrm1000'.
<*> ...ljfour; mag:=1; nonstopmode; input ecrm1000
                                                  
Please type another input file name
! Emergency stop.
<*> ...ljfour; mag:=1; nonstopmode; input ecrm1000
                                                  
Transcript written on mfput.log.
grep: ecrm1000.log: No such file or directory
mktextfm: `mf-nowin -progname=mf \mode:=ljfour; mag:=1; nonstopmode; input ecrm1000' failed to make ecrm1000.tfm.
kpathsea: Appending font creation commands to missfont.log.

! Font T1/cmr/m/n/10=ecrm1000 at 10.0pt not loadable: Metric (TFM) file not fou
nd.
<to be read again> 
                   relax 
l.100 \fontencoding\encodingdefault\selectfont
                                              
) (/usr/share/texlive/texmf-dist/tex/latex/psnfss/times.sty))
(/usr/share/texlive/texmf-dist/tex/latex/base/inputenc.sty
(/usr/share/texlive/texmf-dist/tex/latex/base/utf8.def
(/usr/share/texlive/texmf-dist/tex/latex/base/t1enc.dfu)
(/usr/share/texlive/texmf-dist/tex/latex/base/ot1enc.dfu)
(/usr/share/texlive/texmf-dist/tex/latex/base/omsenc.dfu)
(/usr/share/texlive/texmf-dist/tex/latex/base/ts1enc.dfu))
(/usr/share/texlive/texmf-dist/tex/latex/base/latin1.def))
No file Rd2.aux.
(/usr/share/texlive/texmf-dist/tex/latex/base/ts1cmr.fd)
(/usr/share/texlive/texmf-dist/tex/latex/psnfss/t1ptm.fd)
kpathsea: Running mktextfm ptmr8t
mktextfm: Running mf-nowin -progname=mf \mode:=ljfour; mag:=1; nonstopmode; input ptmr8t
This is METAFONT, Version 2.718281 (TeX Live 2013/Debian)

kpathsea: Running mktexmf ptmr8t

! I can't find file `ptmr8t'.
<*> ...:=ljfour; mag:=1; nonstopmode; input ptmr8t
                                                  
Please type another input file name
! Emergency stop.
<*> ...:=ljfour; mag:=1; nonstopmode; input ptmr8t
                                                  
Transcript written on mfput.log.
grep: ptmr8t.log: No such file or directory
mktextfm: `mf-nowin -progname=mf \mode:=ljfour; mag:=1; nonstopmode; input ptmr8t' failed to make ptmr8t.tfm.

kpathsea: Running mktextfm ptmr8t
mktextfm: Running mf-nowin -progname=mf \mode:=ljfour; mag:=1; nonstopmode; input ptmr8t
This is METAFONT, Version 2.718281 (TeX Live 2013/Debian)

kpathsea: Running mktexmf ptmr8t

! I can't find file `ptmr8t'.
<*> ...:=ljfour; mag:=1; nonstopmode; input ptmr8t
                                                  
Please type another input file name
! Emergency stop.
<*> ...:=ljfour; mag:=1; nonstopmode; input ptmr8t
                                                  
Transcript written on mfput.log.
grep: ptmr8t.log: No such file or directory
mktextfm: `mf-nowin -progname=mf \mode:=ljfour; mag:=1; nonstopmode; input ptmr8t' failed to make ptmr8t.tfm.

kpathsea: Running mktextfm ptmb8t
mktextfm: Running mf-nowin -progname=mf \mode:=ljfour; mag:=1; nonstopmode; input ptmb8t
This is METAFONT, Version 2.718281 (TeX Live 2013/Debian)

kpathsea: Running mktexmf ptmb8t

! I can't find file `ptmb8t'.
<*> ...:=ljfour; mag:=1; nonstopmode; input ptmb8t
                                                  
Please type another input file name
! Emergency stop.
<*> ...:=ljfour; mag:=1; nonstopmode; input ptmb8t
                                                  
Transcript written on mfput.log.
grep: ptmb8t.log: No such file or directory
mktextfm: `mf-nowin -progname=mf \mode:=ljfour; mag:=1; nonstopmode; input ptmb8t' failed to make ptmb8t.tfm.

kpathsea: Running mktextfm nullfont
mktextfm: Running mf-nowin -progname=mf \mode:=ljfour; mag:=1; nonstopmode; input nullfont
This is METAFONT, Version 2.718281 (TeX Live 2013/Debian)

kpathsea: Running mktexmf nullfont

! I can't find file `nullfont'.
<*> ...ljfour; mag:=1; nonstopmode; input nullfont
                                                  
Please type another input file name
! Emergency stop.
<*> ...ljfour; mag:=1; nonstopmode; input nullfont
                                                  
Transcript written on mfput.log.
grep: nullfont.log: No such file or directory
mktextfm: `mf-nowin -progname=mf \mode:=ljfour; mag:=1; nonstopmode; input nullfont' failed to make nullfont.tfm.

kpathsea: Running mktextfm ptmb8t
mktextfm: Running mf-nowin -progname=mf \mode:=ljfour; mag:=1; nonstopmode; input ptmb8t
This is METAFONT, Version 2.718281 (TeX Live 2013/Debian)

kpathsea: Running mktexmf ptmb8t

! I can't find file `ptmb8t'.
<*> ...:=ljfour; mag:=1; nonstopmode; input ptmb8t
                                                  
Please type another input file name
! Emergency stop.
<*> ...:=ljfour; mag:=1; nonstopmode; input ptmb8t
                                                  
Transcript written on mfput.log.
grep: ptmb8t.log: No such file or directory
mktextfm: `mf-nowin -progname=mf \mode:=ljfour; mag:=1; nonstopmode; input ptmb8t' failed to make ptmb8t.tfm.

kpathsea: Running mktextfm nullfont
mktextfm: Running mf-nowin -progname=mf \mode:=ljfour; mag:=1; nonstopmode; input nullfont
This is METAFONT, Version 2.718281 (TeX Live 2013/Debian)

kpathsea: Running mktexmf nullfont

! I can't find file `nullfont'.
<*> ...ljfour; mag:=1; nonstopmode; input nullfont
                                                  
Please type another input file name
! Emergency stop.
<*> ...ljfour; mag:=1; nonstopmode; input nullfont
                                                  
Transcript written on mfput.log.
grep: nullfont.log: No such file or directory
mktextfm: `mf-nowin -progname=mf \mode:=ljfour; mag:=1; nonstopmode; input nullfont' failed to make nullfont.tfm.

kpathsea: Running mktextfm ptmb8t
mktextfm: Running mf-nowin -progname=mf \mode:=ljfour; mag:=1; nonstopmode; input ptmb8t
This is METAFONT, Version 2.718281 (TeX Live 2013/Debian)

kpathsea: Running mktexmf ptmb8t

! I can't find file `ptmb8t'.
<*> ...:=ljfour; mag:=1; nonstopmode; input ptmb8t
                                                  
Please type another input file name
! Emergency stop.
<*> ...:=ljfour; mag:=1; nonstopmode; input ptmb8t
                                                  
Transcript written on mfput.log.
grep: ptmb8t.log: No such file or directory
mktextfm: `mf-nowin -progname=mf \mode:=ljfour; mag:=1; nonstopmode; input ptmb8t' failed to make ptmb8t.tfm.

kpathsea: Running mktextfm nullfont
mktextfm: Running mf-nowin -progname=mf \mode:=ljfour; mag:=1; nonstopmode; input nullfont
This is METAFONT, Version 2.718281 (TeX Live 2013/Debian)

kpathsea: Running mktexmf nullfont

! I can't find file `nullfont'.
<*> ...ljfour; mag:=1; nonstopmode; input nullfont
                                                  
Please type another input file name
! Emergency stop.
<*> ...ljfour; mag:=1; nonstopmode; input nullfont
                                                  
Transcript written on mfput.log.
grep: nullfont.log: No such file or directory
mktextfm: `mf-nowin -progname=mf \mode:=ljfour; mag:=1; nonstopmode; input nullfont' failed to make nullfont.tfm.

kpathsea: Running mktextfm ptmr8t
mktextfm: Running mf-nowin -progname=mf \mode:=ljfour; mag:=1; nonstopmode; input ptmr8t
This is METAFONT, Version 2.718281 (TeX Live 2013/Debian)

kpathsea: Running mktexmf ptmr8t

! I can't find file `ptmr8t'.
<*> ...:=ljfour; mag:=1; nonstopmode; input ptmr8t
                                                  
Please type another input file name
! Emergency stop.
<*> ...:=ljfour; mag:=1; nonstopmode; input ptmr8t
                                                  
Transcript written on mfput.log.
grep: ptmr8t.log: No such file or directory
mktextfm: `mf-nowin -progname=mf \mode:=ljfour; mag:=1; nonstopmode; input ptmr8t' failed to make ptmr8t.tfm.

! Font T1/ptm/m/n/10=ptmr8t at 10.0pt not loadable: Metric (TFM) file not found
.
<to be read again> 
                   relax 
l.6 \begin{document}
                    
! Font T1/ptm/m/n/24.88=ptmr8t at 24.88pt not loadable: Metric (TFM) file not f
ound.
<to be read again> 
                   relax 
l.7 \chapter*{}
               
! Font T1/ptm/bx/n/24.88=ptmb8t at 24.88pt not loadable: Metric (TFM) file not 
found.
<to be read again> 
                   relax 
l.7 \chapter*{}
               
! Font \T1/ptm/b/n/24.88=nullfont not loadable: Metric (TFM) file not found.
<to be read again> 
                   \relax 
l.7 \chapter*{}
               
! Font T1/ptm/bx/n/10=ptmb8t at 10.0pt not loadable: Metric (TFM) file not foun
d.
<to be read again> 
                   relax 
l.9 {\textbf{\huge Package `Rmetapop'}
                                      }
! Font \T1/ptm/b/n/10=nullfont not loadable: Metric (TFM) file not found.
<to be read again> 
                   \relax 
l.9 {\textbf{\huge Package `Rmetapop'}
                                      }
! Font T1/ptm/bx/n/20.74=ptmb8t at 20.74pt not loadable: Metric (TFM) file not 
found.
<to be read again> 
                   relax 
l.9 {\textbf{\huge Package `Rmetapop'}
                                      }
! Font \T1/ptm/b/n/20.74=nullfont not loadable: Metric (TFM) file not found.
<to be read again> 
                   \relax 
l.9 {\textbf{\huge Package `Rmetapop'}
                                      }
! Font T1/ptm/m/n/12=ptmr8t at 12.0pt not loadable: Metric (TFM) file not found
.
<to be read again> 
                   relax 
l.10 \par\bigskip{\large
                         \today}
(/usr/share/texlive/texmf-dist/tex/latex/psnfss/t1pcr.fd)
kpathsea: Running mktextfm pcrr8t
mktextfm: Running mf-nowin -progname=mf \mode:=ljfour; mag:=1; nonstopmode; input pcrr8t
This is METAFONT, Version 2.718281 (TeX Live 2013/Debian)

kpathsea: Running mktexmf pcrr8t

! I can't find file `pcrr8t'.
<*> ...:=ljfour; mag:=1; nonstopmode; input pcrr8t
                                                  
Please type another input file name
! Emergency stop.
<*> ...:=ljfour; mag:=1; nonstopmode; input pcrr8t
                                                  
Transcript written on mfput.log.
grep: pcrr8t.log: No such file or directory
mktextfm: `mf-nowin -progname=mf \mode:=ljfour; mag:=1; nonstopmode; input pcrr8t' failed to make pcrr8t.tfm.

! Font T1/pcr/m/n/10=pcrr8t at 10.0pt not loadable: Metric (TFM) file not found
.
<to be read again> 
                   relax 
l.18 ...aniel Okamoto }\email{okermodei@gmail.com}
                                                  \AsIs{}
No file Rd2.toc.
(/usr/share/texlive/texmf-dist/tex/latex/base/utf8.def)
kpathsea: Running mktextfm ptmr8t
mktextfm: Running mf-nowin -progname=mf \mode:=ljfour; mag:=1; nonstopmode; input ptmr8t
This is METAFONT, Version 2.718281 (TeX Live 2013/Debian)

kpathsea: Running mktexmf ptmr8t

! I can't find file `ptmr8t'.
<*> ...:=ljfour; mag:=1; nonstopmode; input ptmr8t
                                                  
Please type another input file name
! Emergency stop.
<*> ...:=ljfour; mag:=1; nonstopmode; input ptmr8t
                                                  
Transcript written on mfput.log.
grep: ptmr8t.log: No such file or directory
mktextfm: `mf-nowin -progname=mf \mode:=ljfour; mag:=1; nonstopmode; input ptmr8t' failed to make ptmr8t.tfm.

kpathsea: Running mktextfm ptmb8t
mktextfm: Running mf-nowin -progname=mf \mode:=ljfour; mag:=1; nonstopmode; input ptmb8t
This is METAFONT, Version 2.718281 (TeX Live 2013/Debian)

kpathsea: Running mktexmf ptmb8t

! I can't find file `ptmb8t'.
<*> ...:=ljfour; mag:=1; nonstopmode; input ptmb8t
                                                  
Please type another input file name
! Emergency stop.
<*> ...:=ljfour; mag:=1; nonstopmode; input ptmb8t
                                                  
Transcript written on mfput.log.
grep: ptmb8t.log: No such file or directory
mktextfm: `mf-nowin -progname=mf \mode:=ljfour; mag:=1; nonstopmode; input ptmb8t' failed to make ptmb8t.tfm.

kpathsea: Running mktextfm nullfont
mktextfm: Running mf-nowin -progname=mf \mode:=ljfour; mag:=1; nonstopmode; input nullfont
This is METAFONT, Version 2.718281 (TeX Live 2013/Debian)

kpathsea: Running mktexmf nullfont

! I can't find file `nullfont'.
<*> ...ljfour; mag:=1; nonstopmode; input nullfont
                                                  
Please type another input file name
! Emergency stop.
<*> ...ljfour; mag:=1; nonstopmode; input nullfont
                                                  
Transcript written on mfput.log.
grep: nullfont.log: No such file or directory
mktextfm: `mf-nowin -progname=mf \mode:=ljfour; mag:=1; nonstopmode; input nullfont' failed to make nullfont.tfm.

! Font T1/ptm/m/n/14.4=ptmr8t at 14.4pt not loadable: Metric (TFM) file not fou
nd.
<to be read again> 
                   relax 
l.30 ...\textasciitilde{}}{Rmetapop.Rdash.package}
                                                  
! Font T1/ptm/bx/n/14.4=ptmb8t at 14.4pt not loadable: Metric (TFM) file not fo
und.
<to be read again> 
                   relax 
l.30 ...\textasciitilde{}}{Rmetapop.Rdash.package}
                                                  
! Font \T1/ptm/b/n/14.4=nullfont not loadable: Metric (TFM) file not found.
<to be read again> 
                   \relax 
l.30 ...\textasciitilde{}}{Rmetapop.Rdash.package}
                                                  
(/usr/share/texlive/texmf-dist/tex/latex/psnfss/t1phv.fd)
kpathsea: Running mktextfm phvr8t
mktextfm: Running mf-nowin -progname=mf \mode:=ljfour; mag:=1; nonstopmode; input phvr8t
This is METAFONT, Version 2.718281 (TeX Live 2013/Debian)

kpathsea: Running mktexmf phvr8t

! I can't find file `phvr8t'.
<*> ...:=ljfour; mag:=1; nonstopmode; input phvr8t
                                                  
Please type another input file name
! Emergency stop.
<*> ...:=ljfour; mag:=1; nonstopmode; input phvr8t
                                                  
Transcript written on mfput.log.
grep: phvr8t.log: No such file or directory
mktextfm: `mf-nowin -progname=mf \mode:=ljfour; mag:=1; nonstopmode; input phvr8t' failed to make phvr8t.tfm.

kpathsea: Running mktextfm ptmri8t
mktextfm: Running mf-nowin -progname=mf \mode:=ljfour; mag:=1; nonstopmode; input ptmri8t
This is METAFONT, Version 2.718281 (TeX Live 2013/Debian)

kpathsea: Running mktexmf ptmri8t

! I can't find file `ptmri8t'.
<*> ...=ljfour; mag:=1; nonstopmode; input ptmri8t
                                                  
Please type another input file name
! Emergency stop.
<*> ...=ljfour; mag:=1; nonstopmode; input ptmri8t
                                                  
Transcript written on mfput.log.
grep: ptmri8t.log: No such file or directory
mktextfm: `mf-nowin -progname=mf \mode:=ljfour; mag:=1; nonstopmode; input ptmri8t' failed to make ptmri8t.tfm.

! Font T1/phv/m/n/14.4=phvr8t at 14.4pt not loadable: Metric (TFM) file not fou
nd.
<to be read again> 
                   relax 
l.30 ...\textasciitilde{}}{Rmetapop.Rdash.package}
                                                  
! Font T1/ptm/m/it/10=ptmri8t at 10.0pt not loadable: Metric (TFM) file not fou
nd.
<to be read again> 
                   relax 
l.30 ...\textasciitilde{}}{Rmetapop.Rdash.package}
                                                  
[1]
kpathsea: Running mktextfm ptmr8t
mktextfm: Running mf-nowin -progname=mf \mode:=ljfour; mag:=1; nonstopmode; input ptmr8t
This is METAFONT, Version 2.718281 (TeX Live 2013/Debian)

kpathsea: Running mktexmf ptmr8t

! I can't find file `ptmr8t'.
<*> ...:=ljfour; mag:=1; nonstopmode; input ptmr8t
                                                  
Please type another input file name
! Emergency stop.
<*> ...:=ljfour; mag:=1; nonstopmode; input ptmr8t
                                                  
Transcript written on mfput.log.
grep: ptmr8t.log: No such file or directory
mktextfm: `mf-nowin -progname=mf \mode:=ljfour; mag:=1; nonstopmode; input ptmr8t' failed to make ptmr8t.tfm.

kpathsea: Running mktextfm pcrr8t
mktextfm: Running mf-nowin -progname=mf \mode:=ljfour; mag:=1; nonstopmode; input pcrr8t
This is METAFONT, Version 2.718281 (TeX Live 2013/Debian)

kpathsea: Running mktexmf pcrr8t

! I can't find file `pcrr8t'.
<*> ...:=ljfour; mag:=1; nonstopmode; input pcrr8t
                                                  
Please type another input file name
! Emergency stop.
<*> ...:=ljfour; mag:=1; nonstopmode; input pcrr8t
                                                  
Transcript written on mfput.log.
grep: pcrr8t.log: No such file or directory
mktextfm: `mf-nowin -progname=mf \mode:=ljfour; mag:=1; nonstopmode; input pcrr8t' failed to make pcrr8t.tfm.

! Font T1/ptm/m/n/9=ptmr8t at 9.0pt not loadable: Metric (TFM) file not found.
<to be read again> 
                   relax 
l.68 \begin{ExampleCode}
                        
! Font T1/pcr/m/n/9=pcrr8t at 9.0pt not loadable: Metric (TFM) file not found.
<to be read again> 
                   relax 
l.68 \begin{ExampleCode}
                        
(/usr/share/texlive/texmf-dist/tex/latex/base/utf8.def)
kpathsea: Running mktextfm ptmro8t
mktextfm: Running mf-nowin -progname=mf \mode:=ljfour; mag:=1; nonstopmode; input ptmro8t
This is METAFONT, Version 2.718281 (TeX Live 2013/Debian)

kpathsea: Running mktexmf ptmro8t

! I can't find file `ptmro8t'.
<*> ...=ljfour; mag:=1; nonstopmode; input ptmro8t
                                                  
Please type another input file name
! Emergency stop.
<*> ...=ljfour; mag:=1; nonstopmode; input ptmro8t
                                                  
Transcript written on mfput.log.
grep: ptmro8t.log: No such file or directory
mktextfm: `mf-nowin -progname=mf \mode:=ljfour; mag:=1; nonstopmode; input ptmro8t' failed to make ptmro8t.tfm.

! Font T1/ptm/m/sl/10=ptmro8t at 10.0pt not loadable: Metric (TFM) file not fou
nd.
<to be read again> 
                   relax 
l.135 
      
[2{/var/lib/texmf/fonts/map/pdftex/updmap/pdftex.map}]
(/usr/share/texlive/texmf-dist/tex/latex/base/utf8.def)
(/usr/share/texlive/texmf-dist/tex/latex/base/utf8.def)
(/usr/share/texlive/texmf-dist/tex/latex/base/utf8.def) [3]
Underfull \vbox (badness 10000) has occurred while \output is active [4]
Underfull \vbox (badness 10000) has occurred while \output is active [5]
Underfull \vbox (badness 10000) has occurred while \output is active [6]
Underfull \vbox (badness 10000) has occurred while \output is active [7]
(/usr/share/texlive/texmf-dist/tex/latex/base/utf8.def)
(/usr/share/texlive/texmf-dist/tex/latex/base/utf8.def)
(/usr/share/texlive/texmf-dist/tex/latex/base/utf8.def)
(/usr/share/texlive/texmf-dist/tex/latex/base/utf8.def)
(/usr/share/texlive/texmf-dist/tex/latex/base/utf8.def)
(/usr/share/texlive/texmf-dist/tex/latex/base/utf8.def) [8]
(/usr/share/texlive/texmf-dist/tex/latex/base/utf8.def) [9]
(/usr/share/texlive/texmf-dist/tex/latex/base/utf8.def) [10]
(/usr/share/texlive/texmf-dist/tex/latex/base/utf8.def)
(/usr/share/texlive/texmf-dist/tex/latex/base/utf8.def) [11] [12]
Underfull \vbox (badness 10000) has occurred while \output is active [13]
Underfull \vbox (badness 10000) has occurred while \output is active [14]
(/usr/share/texlive/texmf-dist/tex/latex/base/utf8.def) [15] [16]
Underfull \vbox (badness 10000) has occurred while \output is active [17]
Underfull \vbox (badness 10000) has occurred while \output is active [18]
(/usr/share/texlive/texmf-dist/tex/latex/base/utf8.def) [19] [20] (./Rd2.aux) )
(see the transcript file for additional information)</usr/share/texlive/texmf-d
ist/fonts/type1/public/amsfonts/cm/cmmi10.pfb></usr/share/texlive/texmf-dist/fo
nts/type1/public/amsfonts/cm/cmr10.pfb></usr/share/texlive/texmf-dist/fonts/typ
e1/public/amsfonts/cm/cmsy10.pfb>
Output written on Rd2.pdf (20 pages, 30923 bytes).
Transcript written on Rd2.log.
Error in texi2dvi(file = file, pdf = TRUE, clean = clean, quiet = quiet,  : 
  unable to run 'pdflatex' on 'Rd2.tex'
This is pdfTeX, Version 3.1415926-2.5-1.40.14 (TeX Live 2013/Debian)
 restricted \write18 enabled.
entering extended mode
(./Rd2.tex
LaTeX2e <2011/06/27>
Babel <3.9h> and hyphenation patterns for 2 languages loaded.

(/usr/share/texlive/texmf-dist/tex/latex/base/book.cls
Document Class: book 2007/10/19 v1.4h Standard LaTeX document class
(/usr/share/texlive/texmf-dist/tex/latex/base/bk10.clo))
(/usr/share/R/share/texmf/tex/latex/Rd.sty
(/usr/share/texlive/texmf-dist/tex/latex/base/ifthen.sty)
(/usr/share/texlive/texmf-dist/tex/latex/tools/longtable.sty)
(/usr/share/texlive/texmf-dist/tex/latex/tools/bm.sty)
(/usr/share/texlive/texmf-dist/tex/latex/base/alltt.sty)
(/usr/share/texlive/texmf-dist/tex/latex/tools/verbatim.sty)
(/usr/share/texlive/texmf-dist/tex/latex/url/url.sty)
(/usr/share/texlive/texmf-dist/tex/latex/base/textcomp.sty
(/usr/share/texlive/texmf-dist/tex/latex/base/ts1enc.def))
(/usr/share/texlive/texmf-dist/tex/latex/base/fontenc.sty
(/usr/share/texlive/texmf-dist/tex/latex/base/t1enc.def)
kpathsea: Running mktextfm ecrm1000
mktextfm: Running mf-nowin -progname=mf \mode:=ljfour; mag:=1; nonstopmode; input ecrm1000
This is METAFONT, Version 2.718281 (TeX Live 2013/Debian)

kpathsea: Running mktexmf ecrm1000

! I can't find file `ecrm1000'.
<*> ...ljfour; mag:=1; nonstopmode; input ecrm1000
                                                  
Please type another input file name
! Emergency stop.
<*> ...ljfour; mag:=1; nonstopmode; input ecrm1000
                                                  
Transcript written on mfput.log.
grep: ecrm1000.log: No such file or directory
mktextfm: `mf-nowin -progname=mf \mode:=ljfour; mag:=1; nonstopmode; input ecrm1000' failed to make ecrm1000.tfm.
kpathsea: Appending font creation commands to missfont.log.

! Font T1/cmr/m/n/10=ecrm1000 at 10.0pt not loadable: Metric (TFM) file not fou
nd.
<to be read again> 
                   relax 
l.100 \fontencoding\encodingdefault\selectfont
                                              
) (/usr/share/texlive/texmf-dist/tex/latex/psnfss/times.sty))
(/usr/share/texlive/texmf-dist/tex/latex/base/inputenc.sty
(/usr/share/texlive/texmf-dist/tex/latex/base/utf8.def
(/usr/share/texlive/texmf-dist/tex/latex/base/t1enc.dfu)
(/usr/share/texlive/texmf-dist/tex/latex/base/ot1enc.dfu)
(/usr/share/texlive/texmf-dist/tex/latex/base/omsenc.dfu)
(/usr/share/texlive/texmf-dist/tex/latex/base/ts1enc.dfu))
(/usr/share/texlive/texmf-dist/tex/latex/base/latin1.def)) (./Rd2.aux)
(/usr/share/texlive/texmf-dist/tex/latex/base/ts1cmr.fd)
(/usr/share/texlive/texmf-dist/tex/latex/psnfss/t1ptm.fd)
kpathsea: Running mktextfm ptmr8t
mktextfm: Running mf-nowin -progname=mf \mode:=ljfour; mag:=1; nonstopmode; input ptmr8t
This is METAFONT, Version 2.718281 (TeX Live 2013/Debian)

kpathsea: Running mktexmf ptmr8t

! I can't find file `ptmr8t'.
<*> ...:=ljfour; mag:=1; nonstopmode; input ptmr8t
                                                  
Please type another input file name
! Emergency stop.
<*> ...:=ljfour; mag:=1; nonstopmode; input ptmr8t
                                                  
Transcript written on mfput.log.
grep: ptmr8t.log: No such file or directory
mktextfm: `mf-nowin -progname=mf \mode:=ljfour; mag:=1; nonstopmode; input ptmr8t' failed to make ptmr8t.tfm.

kpathsea: Running mktextfm ptmr8t
mktextfm: Running mf-nowin -progname=mf \mode:=ljfour; mag:=1; nonstopmode; input ptmr8t
This is METAFONT, Version 2.718281 (TeX Live 2013/Debian)

kpathsea: Running mktexmf ptmr8t

! I can't find file `ptmr8t'.
<*> ...:=ljfour; mag:=1; nonstopmode; input ptmr8t
                                                  
Please type another input file name
! Emergency stop.
<*> ...:=ljfour; mag:=1; nonstopmode; input ptmr8t
                                                  
Transcript written on mfput.log.
grep: ptmr8t.log: No such file or directory
mktextfm: `mf-nowin -progname=mf \mode:=ljfour; mag:=1; nonstopmode; input ptmr8t' failed to make ptmr8t.tfm.

kpathsea: Running mktextfm ptmb8t
mktextfm: Running mf-nowin -progname=mf \mode:=ljfour; mag:=1; nonstopmode; input ptmb8t
This is METAFONT, Version 2.718281 (TeX Live 2013/Debian)

kpathsea: Running mktexmf ptmb8t

! I can't find file `ptmb8t'.
<*> ...:=ljfour; mag:=1; nonstopmode; input ptmb8t
                                                  
Please type another input file name
! Emergency stop.
<*> ...:=ljfour; mag:=1; nonstopmode; input ptmb8t
                                                  
Transcript written on mfput.log.
grep: ptmb8t.log: No such file or directory
mktextfm: `mf-nowin -progname=mf \mode:=ljfour; mag:=1; nonstopmode; input ptmb8t' failed to make ptmb8t.tfm.

kpathsea: Running mktextfm nullfont
mktextfm: Running mf-nowin -progname=mf \mode:=ljfour; mag:=1; nonstopmode; input nullfont
This is METAFONT, Version 2.718281 (TeX Live 2013/Debian)

kpathsea: Running mktexmf nullfont

! I can't find file `nullfont'.
<*> ...ljfour; mag:=1; nonstopmode; input nullfont
                                                  
Please type another input file name
! Emergency stop.
<*> ...ljfour; mag:=1; nonstopmode; input nullfont
                                                  
Transcript written on mfput.log.
grep: nullfont.log: No such file or directory
mktextfm: `mf-nowin -progname=mf \mode:=ljfour; mag:=1; nonstopmode; input nullfont' failed to make nullfont.tfm.

kpathsea: Running mktextfm ptmb8t
mktextfm: Running mf-nowin -progname=mf \mode:=ljfour; mag:=1; nonstopmode; input ptmb8t
This is METAFONT, Version 2.718281 (TeX Live 2013/Debian)

kpathsea: Running mktexmf ptmb8t

! I can't find file `ptmb8t'.
<*> ...:=ljfour; mag:=1; nonstopmode; input ptmb8t
                                                  
Please type another input file name
! Emergency stop.
<*> ...:=ljfour; mag:=1; nonstopmode; input ptmb8t
                                                  
Transcript written on mfput.log.
grep: ptmb8t.log: No such file or directory
mktextfm: `mf-nowin -progname=mf \mode:=ljfour; mag:=1; nonstopmode; input ptmb8t' failed to make ptmb8t.tfm.

kpathsea: Running mktextfm nullfont
mktextfm: Running mf-nowin -progname=mf \mode:=ljfour; mag:=1; nonstopmode; input nullfont
This is METAFONT, Version 2.718281 (TeX Live 2013/Debian)

kpathsea: Running mktexmf nullfont

! I can't find file `nullfont'.
<*> ...ljfour; mag:=1; nonstopmode; input nullfont
                                                  
Please type another input file name
! Emergency stop.
<*> ...ljfour; mag:=1; nonstopmode; input nullfont
                                                  
Transcript written on mfput.log.
grep: nullfont.log: No such file or directory
mktextfm: `mf-nowin -progname=mf \mode:=ljfour; mag:=1; nonstopmode; input nullfont' failed to make nullfont.tfm.

kpathsea: Running mktextfm ptmb8t
mktextfm: Running mf-nowin -progname=mf \mode:=ljfour; mag:=1; nonstopmode; input ptmb8t
This is METAFONT, Version 2.718281 (TeX Live 2013/Debian)

kpathsea: Running mktexmf ptmb8t

! I can't find file `ptmb8t'.
<*> ...:=ljfour; mag:=1; nonstopmode; input ptmb8t
                                                  
Please type another input file name
! Emergency stop.
<*> ...:=ljfour; mag:=1; nonstopmode; input ptmb8t
                                                  
Transcript written on mfput.log.
grep: ptmb8t.log: No such file or directory
mktextfm: `mf-nowin -progname=mf \mode:=ljfour; mag:=1; nonstopmode; input ptmb8t' failed to make ptmb8t.tfm.

kpathsea: Running mktextfm nullfont
mktextfm: Running mf-nowin -progname=mf \mode:=ljfour; mag:=1; nonstopmode; input nullfont
This is METAFONT, Version 2.718281 (TeX Live 2013/Debian)

kpathsea: Running mktexmf nullfont

! I can't find file `nullfont'.
<*> ...ljfour; mag:=1; nonstopmode; input nullfont
                                                  
Please type another input file name
! Emergency stop.
<*> ...ljfour; mag:=1; nonstopmode; input nullfont
                                                  
Transcript written on mfput.log.
grep: nullfont.log: No such file or directory
mktextfm: `mf-nowin -progname=mf \mode:=ljfour; mag:=1; nonstopmode; input nullfont' failed to make nullfont.tfm.

kpathsea: Running mktextfm ptmr8t
mktextfm: Running mf-nowin -progname=mf \mode:=ljfour; mag:=1; nonstopmode; input ptmr8t
This is METAFONT, Version 2.718281 (TeX Live 2013/Debian)

kpathsea: Running mktexmf ptmr8t

! I can't find file `ptmr8t'.
<*> ...:=ljfour; mag:=1; nonstopmode; input ptmr8t
                                                  
Please type another input file name
! Emergency stop.
<*> ...:=ljfour; mag:=1; nonstopmode; input ptmr8t
                                                  
Transcript written on mfput.log.
grep: ptmr8t.log: No such file or directory
mktextfm: `mf-nowin -progname=mf \mode:=ljfour; mag:=1; nonstopmode; input ptmr8t' failed to make ptmr8t.tfm.

! Font T1/ptm/m/n/10=ptmr8t at 10.0pt not loadable: Metric (TFM) file not found
.
<to be read again> 
                   relax 
l.6 \begin{document}
                    
! Font T1/ptm/m/n/24.88=ptmr8t at 24.88pt not loadable: Metric (TFM) file not f
ound.
<to be read again> 
                   relax 
l.7 \chapter*{}
               
! Font T1/ptm/bx/n/24.88=ptmb8t at 24.88pt not loadable: Metric (TFM) file not 
found.
<to be read again> 
                   relax 
l.7 \chapter*{}
               
! Font \T1/ptm/b/n/24.88=nullfont not loadable: Metric (TFM) file not found.
<to be read again> 
                   \relax 
l.7 \chapter*{}
               
! Font T1/ptm/bx/n/10=ptmb8t at 10.0pt not loadable: Metric (TFM) file not foun
d.
<to be read again> 
                   relax 
l.9 {\textbf{\huge Package `Rmetapop'}
                                      }
! Font \T1/ptm/b/n/10=nullfont not loadable: Metric (TFM) file not found.
<to be read again> 
                   \relax 
l.9 {\textbf{\huge Package `Rmetapop'}
                                      }
! Font T1/ptm/bx/n/20.74=ptmb8t at 20.74pt not loadable: Metric (TFM) file not 
found.
<to be read again> 
                   relax 
l.9 {\textbf{\huge Package `Rmetapop'}
                                      }
! Font \T1/ptm/b/n/20.74=nullfont not loadable: Metric (TFM) file not found.
<to be read again> 
                   \relax 
l.9 {\textbf{\huge Package `Rmetapop'}
                                      }
! Font T1/ptm/m/n/12=ptmr8t at 12.0pt not loadable: Metric (TFM) file not found
.
<to be read again> 
                   relax 
l.10 \par\bigskip{\large
                         \today}
(/usr/share/texlive/texmf-dist/tex/latex/psnfss/t1pcr.fd)
kpathsea: Running mktextfm pcrr8t
mktextfm: Running mf-nowin -progname=mf \mode:=ljfour; mag:=1; nonstopmode; input pcrr8t
This is METAFONT, Version 2.718281 (TeX Live 2013/Debian)

kpathsea: Running mktexmf pcrr8t

! I can't find file `pcrr8t'.
<*> ...:=ljfour; mag:=1; nonstopmode; input pcrr8t
                                                  
Please type another input file name
! Emergency stop.
<*> ...:=ljfour; mag:=1; nonstopmode; input pcrr8t
                                                  
Transcript written on mfput.log.
grep: pcrr8t.log: No such file or directory
mktextfm: `mf-nowin -progname=mf \mode:=ljfour; mag:=1; nonstopmode; input pcrr8t' failed to make pcrr8t.tfm.

! Font T1/pcr/m/n/10=pcrr8t at 10.0pt not loadable: Metric (TFM) file not found
.
<to be read again> 
                   relax 
l.18 ...aniel Okamoto }\email{okermodei@gmail.com}
                                                  \AsIs{}
(./Rd2.toc
kpathsea: Running mktextfm ptmr8t
mktextfm: Running mf-nowin -progname=mf \mode:=ljfour; mag:=1; nonstopmode; input ptmr8t
This is METAFONT, Version 2.718281 (TeX Live 2013/Debian)

kpathsea: Running mktexmf ptmr8t

! I can't find file `ptmr8t'.
<*> ...:=ljfour; mag:=1; nonstopmode; input ptmr8t
                                                  
Please type another input file name
! Emergency stop.
<*> ...:=ljfour; mag:=1; nonstopmode; input ptmr8t
                                                  
Transcript written on mfput.log.
grep: ptmr8t.log: No such file or directory
mktextfm: `mf-nowin -progname=mf \mode:=ljfour; mag:=1; nonstopmode; input ptmr8t' failed to make ptmr8t.tfm.

kpathsea: Running mktextfm ptmb8t
mktextfm: Running mf-nowin -progname=mf \mode:=ljfour; mag:=1; nonstopmode; input ptmb8t
This is METAFONT, Version 2.718281 (TeX Live 2013/Debian)

kpathsea: Running mktexmf ptmb8t

! I can't find file `ptmb8t'.
<*> ...:=ljfour; mag:=1; nonstopmode; input ptmb8t
                                                  
Please type another input file name
! Emergency stop.
<*> ...:=ljfour; mag:=1; nonstopmode; input ptmb8t
                                                  
Transcript written on mfput.log.
grep: ptmb8t.log: No such file or directory
mktextfm: `mf-nowin -progname=mf \mode:=ljfour; mag:=1; nonstopmode; input ptmb8t' failed to make ptmb8t.tfm.

kpathsea: Running mktextfm nullfont
mktextfm: Running mf-nowin -progname=mf \mode:=ljfour; mag:=1; nonstopmode; input nullfont
This is METAFONT, Version 2.718281 (TeX Live 2013/Debian)

kpathsea: Running mktexmf nullfont

! I can't find file `nullfont'.
<*> ...ljfour; mag:=1; nonstopmode; input nullfont
                                                  
Please type another input file name
! Emergency stop.
<*> ...ljfour; mag:=1; nonstopmode; input nullfont
                                                  
Transcript written on mfput.log.
grep: nullfont.log: No such file or directory
mktextfm: `mf-nowin -progname=mf \mode:=ljfour; mag:=1; nonstopmode; input nullfont' failed to make nullfont.tfm.

! Font T1/ptm/m/n/14.4=ptmr8t at 14.4pt not loadable: Metric (TFM) file not fou
nd.
<to be read again> 
                   relax 
l.1 ...tentsline {subsection}{Rmetapop-package}{1}
                                                  
! Font T1/ptm/bx/n/14.4=ptmb8t at 14.4pt not loadable: Metric (TFM) file not fo
und.
<to be read again> 
                   relax 
l.1 ...tentsline {subsection}{Rmetapop-package}{1}
                                                  
! Font \T1/ptm/b/n/14.4=nullfont not loadable: Metric (TFM) file not found.
<to be read again> 
                   \relax 
l.1 ...tentsline {subsection}{Rmetapop-package}{1}
                                                  
(/usr/share/texlive/texmf-dist/tex/latex/psnfss/t1phv.fd)
kpathsea: Running mktextfm phvr8t
mktextfm: Running mf-nowin -progname=mf \mode:=ljfour; mag:=1; nonstopmode; input phvr8t
This is METAFONT, Version 2.718281 (TeX Live 2013/Debian)

kpathsea: Running mktexmf phvr8t

! I can't find file `phvr8t'.
<*> ...:=ljfour; mag:=1; nonstopmode; input phvr8t
                                                  
Please type another input file name
! Emergency stop.
<*> ...:=ljfour; mag:=1; nonstopmode; input phvr8t
                                                  
Transcript written on mfput.log.
grep: phvr8t.log: No such file or directory
mktextfm: `mf-nowin -progname=mf \mode:=ljfour; mag:=1; nonstopmode; input phvr8t' failed to make phvr8t.tfm.

! Font T1/phv/m/n/14.4=phvr8t at 14.4pt not loadable: Metric (TFM) file not fou
nd.
<to be read again> 
                   relax 
l.1 ...tentsline {subsection}{Rmetapop-package}{1}
                                                  
) (/usr/share/texlive/texmf-dist/tex/latex/base/utf8.def)
kpathsea: Running mktextfm ptmri8t
mktextfm: Running mf-nowin -progname=mf \mode:=ljfour; mag:=1; nonstopmode; input ptmri8t
This is METAFONT, Version 2.718281 (TeX Live 2013/Debian)

kpathsea: Running mktexmf ptmri8t

! I can't find file `ptmri8t'.
<*> ...=ljfour; mag:=1; nonstopmode; input ptmri8t
                                                  
Please type another input file name
! Emergency stop.
<*> ...=ljfour; mag:=1; nonstopmode; input ptmri8t
                                                  
Transcript written on mfput.log.
grep: ptmri8t.log: No such file or directory
mktextfm: `mf-nowin -progname=mf \mode:=ljfour; mag:=1; nonstopmode; input ptmri8t' failed to make ptmri8t.tfm.

! Font T1/ptm/m/it/10=ptmri8t at 10.0pt not loadable: Metric (TFM) file not fou
nd.
<to be read again> 
                   relax 
l.30 ...\textasciitilde{}}{Rmetapop.Rdash.package}
                                                  
[1]
kpathsea: Running mktextfm ptmro8t
mktextfm: Running mf-nowin -progname=mf \mode:=ljfour; mag:=1; nonstopmode; input ptmro8t
This is METAFONT, Version 2.718281 (TeX Live 2013/Debian)

kpathsea: Running mktexmf ptmro8t

! I can't find file `ptmro8t'.
<*> ...=ljfour; mag:=1; nonstopmode; input ptmro8t
                                                  
Please type another input file name
! Emergency stop.
<*> ...=ljfour; mag:=1; nonstopmode; input ptmro8t
                                                  
Transcript written on mfput.log.
grep: ptmro8t.log: No such file or directory
mktextfm: `mf-nowin -progname=mf \mode:=ljfour; mag:=1; nonstopmode; input ptmro8t' failed to make ptmro8t.tfm.

! Font T1/ptm/m/sl/10=ptmro8t at 10.0pt not loadable: Metric (TFM) file not fou
nd.
<to be read again> 
                   relax 
l.47 }
      
[2]
kpathsea: Running mktextfm ptmr8t
mktextfm: Running mf-nowin -progname=mf \mode:=ljfour; mag:=1; nonstopmode; input ptmr8t
This is METAFONT, Version 2.718281 (TeX Live 2013/Debian)

kpathsea: Running mktexmf ptmr8t

! I can't find file `ptmr8t'.
<*> ...:=ljfour; mag:=1; nonstopmode; input ptmr8t
                                                  
Please type another input file name
! Emergency stop.
<*> ...:=ljfour; mag:=1; nonstopmode; input ptmr8t
                                                  
Transcript written on mfput.log.
grep: ptmr8t.log: No such file or directory
mktextfm: `mf-nowin -progname=mf \mode:=ljfour; mag:=1; nonstopmode; input ptmr8t' failed to make ptmr8t.tfm.

kpathsea: Running mktextfm pcrr8t
mktextfm: Running mf-nowin -progname=mf \mode:=ljfour; mag:=1; nonstopmode; input pcrr8t
This is METAFONT, Version 2.718281 (TeX Live 2013/Debian)

kpathsea: Running mktexmf pcrr8t

! I can't find file `pcrr8t'.
<*> ...:=ljfour; mag:=1; nonstopmode; input pcrr8t
                                                  
Please type another input file name
! Emergency stop.
<*> ...:=ljfour; mag:=1; nonstopmode; input pcrr8t
                                                  
Transcript written on mfput.log.
grep: pcrr8t.log: No such file or directory
mktextfm: `mf-nowin -progname=mf \mode:=ljfour; mag:=1; nonstopmode; input pcrr8t' failed to make pcrr8t.tfm.

! Font T1/ptm/m/n/9=ptmr8t at 9.0pt not loadable: Metric (TFM) file not found.
<to be read again> 
                   relax 
l.68 \begin{ExampleCode}
                        
! Font T1/pcr/m/n/9=pcrr8t at 9.0pt not loadable: Metric (TFM) file not found.
<to be read again> 
                   relax 
l.68 \begin{ExampleCode}
                        
(/usr/share/texlive/texmf-dist/tex/latex/base/utf8.def) [3{/var/lib/texmf/fonts
/map/pdftex/updmap/pdftex.map}]
(/usr/share/texlive/texmf-dist/tex/latex/base/utf8.def)
(/usr/share/texlive/texmf-dist/tex/latex/base/utf8.def)
(/usr/share/texlive/texmf-dist/tex/latex/base/utf8.def) [4] [5]
Underfull \vbox (badness 10000) has occurred while \output is active [6]
Underfull \vbox (badness 10000) has occurred while \output is active [7]
Underfull \vbox (badness 10000) has occurred while \output is active [8]
(/usr/share/texlive/texmf-dist/tex/latex/base/utf8.def) [9]
(/usr/share/texlive/texmf-dist/tex/latex/base/utf8.def)
(/usr/share/texlive/texmf-dist/tex/latex/base/utf8.def)
(/usr/share/texlive/texmf-dist/tex/latex/base/utf8.def)
(/usr/share/texlive/texmf-dist/tex/latex/base/utf8.def)
(/usr/share/texlive/texmf-dist/tex/latex/base/utf8.def) [10]
(/usr/share/texlive/texmf-dist/tex/latex/base/utf8.def) [11]
(/usr/share/texlive/texmf-dist/tex/latex/base/utf8.def) [12]
(/usr/share/texlive/texmf-dist/tex/latex/base/utf8.def)
(/usr/share/texlive/texmf-dist/tex/latex/base/utf8.def) [13] [14]
Underfull \vbox (badness 10000) has occurred while \output is active [15]
Underfull \vbox (badness 10000) has occurred while \output is active [16]
(/usr/share/texlive/texmf-dist/tex/latex/base/utf8.def) [17] [18]
Underfull \vbox (badness 10000) has occurred while \output is active [19]
Underfull \vbox (badness 10000) has occurred while \output is active [20]
(/usr/share/texlive/texmf-dist/tex/latex/base/utf8.def) [21] [22] (./Rd2.aux) )
(see the transcript file for additional information)</usr/share/texlive/texmf-d
ist/fonts/type1/public/amsfonts/cm/cmmi10.pfb></usr/share/texlive/texmf-dist/fo
nts/type1/public/amsfonts/cm/cmr10.pfb></usr/share/texlive/texmf-dist/fonts/typ
e1/public/amsfonts/cm/cmsy10.pfb>
Output written on Rd2.pdf (22 pages, 31267 bytes).
Transcript written on Rd2.log.
Error in texi2dvi(file = file, pdf = TRUE, clean = clean, quiet = quiet,  : 
  unable to run 'pdflatex' on 'Rd2.tex'
Error in running tools::texi2pdf()
You may want to clean up by 'rm -rf /tmp/Rtmp9oyUQF/Rd2pdf8dd44cc1c6c1'
